<?xml version="1.0" encoding="UTF-8"?>
<testsuite name="ru.stqa.pft.addressbook.tests.GroupModificationTest" tests="1" skipped="0" failures="0" errors="0" timestamp="2022-07-25T10:00:09" hostname="T15" time="1.434">
  <properties/>
  <testcase name="testGroupModififcation" classname="ru.stqa.pft.addressbook.tests.GroupModificationTest" time="1.434"/>
  <system-out><![CDATA[]]></system-out>
  <system-err><![CDATA[1658743206811	geckodriver	INFO	Listening on 127.0.0.1:54619
1658743207100	mozrunner::runner	INFO	Running command: "C:\\Program Files\\Firefox Developer Edition\\firefox.exe" "--marionette" "--remote-debugging-port" "55297" "--remote-allow-hosts" "localhost" "--remote-allow-origins" "http://localhost:55297/" "-no-remote" "-profile" "C:\\Users\\Pasha\\AppData\\Local\\Temp\\rust_mozprofileL0lBBJ"
1658743207420	Marionette	INFO	Marionette enabled
1658743207425	Marionette	INFO	Listening on port 50823
WebDriver BiDi listening on ws://localhost:55297
Read port: 50823
1658743207550	RemoteAgent	WARN	TLS certificate errors will be ignored for this session
console.warn: SearchSettings: "get: No settings file exists, new profile?" (new NotFoundError("Could not open the file at C:\\Users\\Pasha\\AppData\\Local\\Temp\\rust_mozprofileL0lBBJ\\search.json.mozlz4", (void 0)))
DevTools listening on ws://localhost:55297/devtools/browser/d04fda95-cd33-47ed-90f1-76d4ca74d9ab
Jul 25, 2022 1:00:09 PM org.openqa.selenium.remote.ProtocolHandshake createSession
INFO: Detected upstream dialect: W3C
console.warn: LoginRecipes: "getRecipes: falling back to a synchronous message for:" "http://localhost"
console.warn: LoginRecipes: "getRecipes: falling back to a synchronous message for:" "http://localhost"
JavaScript error: resource://gre/modules/LoginManagerParent.jsm, line 136: TypeError: can't access property "getRecipesForHost", gRecipeManager is null
console.warn: LoginRecipes: "getRecipes: falling back to a synchronous message for:" "http://localhost"
JavaScript error: resource://gre/modules/LoginManagerParent.jsm, line 136: TypeError: can't access property "getRecipesForHost", gRecipeManager is null
console.warn: LoginRecipes: "getRecipes: falling back to a synchronous message for:" "http://localhost"
JavaScript error: resource://gre/modules/LoginManagerParent.jsm, line 136: TypeError: can't access property "getRecipesForHost", gRecipeManager is null
console.warn: LoginRecipes: "getRecipes: falling back to a synchronous message for:" "http://localhost"
JavaScript error: resource://gre/modules/LoginManagerParent.jsm, line 136: TypeError: can't access property "getRecipesForHost", gRecipeManager is null
console.warn: LoginRecipes: "getRecipes: falling back to a synchronous message for:" "http://localhost"
JavaScript error: resource://gre/modules/LoginManagerParent.jsm, line 136: TypeError: can't access property "getRecipesForHost", gRecipeManager is null
1658743211339	Marionette	INFO	Stopped listening on port 50823
]]></system-err>
</testsuite>
