<?xml version="1.0" encoding="UTF-8"?>
<testsuite name="ru.stqa.pft.passport.tests.LoginEnterTest" tests="1" skipped="0" failures="0" errors="0" timestamp="2022-02-13T17:33:06" hostname="T15" time="5.092">
  <properties/>
  <testcase name="loggingIn()" classname="ru.stqa.pft.passport.tests.LoginEnterTest" time="5.092"/>
  <system-out><![CDATA[]]></system-out>
  <system-err><![CDATA[SLF4J: Failed to load class "org.slf4j.impl.StaticLoggerBinder".
SLF4J: Defaulting to no-operation (NOP) logger implementation
SLF4J: See http://www.slf4j.org/codes.html#StaticLoggerBinder for further details.
Starting ChromeDriver 97.0.4692.71 (adefa7837d02a07a604c1e6eff0b3a09422ab88d-refs/branch-heads/4692@{#1247}) on port 52824
Only local connections are allowed.
Please see https://chromedriver.chromium.org/security-considerations for suggestions on keeping ChromeDriver safe.
ChromeDriver was started successfully.
Feb 13, 2022 11:33:08 PM org.openqa.selenium.remote.ProtocolHandshake createSession
INFO: Detected dialect: W3C
Feb 13, 2022 11:33:08 PM org.openqa.selenium.devtools.CdpVersionFinder findNearestMatch
INFO: Found exact CDP implementation for version 97
]]></system-err>
</testsuite>
